<?xml version="1.0" encoding="UTF-8"?>
<testng-results ignored="0" total="1" passed="1" failed="0" skipped="0">
  <reporter-output>
    <line>
      <![CDATA[no of rows are18]]>
    </line>
    <line>
      <![CDATA[Add Employee Success::19814   19814]]>
    </line>
    <line>
      <![CDATA[Add Employee Success::19815   19815]]>
    </line>
    <line>
      <![CDATA[Add Employee Success::19816   19816]]>
    </line>
    <line>
      <![CDATA[Add Employee Success::19817   19817]]>
    </line>
    <line>
      <![CDATA[Add Employee Success::19818   19818]]>
    </line>
    <line>
      <![CDATA[Add Employee Success::19819   19819]]>
    </line>
    <line>
      <![CDATA[Add Employee Success::19820   19820]]>
    </line>
    <line>
      <![CDATA[Add Employee Success::19821   19821]]>
    </line>
    <line>
      <![CDATA[Add Employee Success::19822   19822]]>
    </line>
    <line>
      <![CDATA[Add Employee Success::19823   19823]]>
    </line>
    <line>
      <![CDATA[Add Employee Success::19824   19824]]>
    </line>
    <line>
      <![CDATA[Add Employee Success::19825   19825]]>
    </line>
    <line>
      <![CDATA[Add Employee Success::19826   19826]]>
    </line>
    <line>
      <![CDATA[Add Employee Success::19827   19827]]>
    </line>
    <line>
      <![CDATA[Add Employee Success::19828   19828]]>
    </line>
    <line>
      <![CDATA[Add Employee Success::19829   19829]]>
    </line>
    <line>
      <![CDATA[Add Employee Success::19830   19830]]>
    </line>
    <line>
      <![CDATA[Add Employee Success::19831   19831]]>
    </line>
  </reporter-output>
  <suite started-at="2023-04-17T11:58:39 IST" name="Default suite" finished-at="2023-04-17T11:59:20 IST" duration-ms="41059">
    <groups>
    </groups>
    <test started-at="2023-04-17T11:58:39 IST" name="Default test" finished-at="2023-04-17T11:59:20 IST" duration-ms="41059">
      <class name="driverFactory.Testscript">
        <test-method is-config="true" signature="Adminlogin()[pri:0, instance:driverFactory.Testscript@4b29d1d2]" started-at="2023-04-17T11:58:39 IST" name="Adminlogin" finished-at="2023-04-17T11:58:43 IST" duration-ms="3671" status="PASS">
          <reporter-output>
          </reporter-output>
        </test-method> <!-- Adminlogin -->
        <test-method signature="start_test()[pri:0, instance:driverFactory.Testscript@4b29d1d2]" started-at="2023-04-17T11:58:43 IST" name="start_test" finished-at="2023-04-17T11:59:19 IST" duration-ms="36739" status="PASS">
          <reporter-output>
            <line>
              <![CDATA[no of rows are18]]>
            </line>
            <line>
              <![CDATA[Add Employee Success::19814   19814]]>
            </line>
            <line>
              <![CDATA[Add Employee Success::19815   19815]]>
            </line>
            <line>
              <![CDATA[Add Employee Success::19816   19816]]>
            </line>
            <line>
              <![CDATA[Add Employee Success::19817   19817]]>
            </line>
            <line>
              <![CDATA[Add Employee Success::19818   19818]]>
            </line>
            <line>
              <![CDATA[Add Employee Success::19819   19819]]>
            </line>
            <line>
              <![CDATA[Add Employee Success::19820   19820]]>
            </line>
            <line>
              <![CDATA[Add Employee Success::19821   19821]]>
            </line>
            <line>
              <![CDATA[Add Employee Success::19822   19822]]>
            </line>
            <line>
              <![CDATA[Add Employee Success::19823   19823]]>
            </line>
            <line>
              <![CDATA[Add Employee Success::19824   19824]]>
            </line>
            <line>
              <![CDATA[Add Employee Success::19825   19825]]>
            </line>
            <line>
              <![CDATA[Add Employee Success::19826   19826]]>
            </line>
            <line>
              <![CDATA[Add Employee Success::19827   19827]]>
            </line>
            <line>
              <![CDATA[Add Employee Success::19828   19828]]>
            </line>
            <line>
              <![CDATA[Add Employee Success::19829   19829]]>
            </line>
            <line>
              <![CDATA[Add Employee Success::19830   19830]]>
            </line>
            <line>
              <![CDATA[Add Employee Success::19831   19831]]>
            </line>
          </reporter-output>
        </test-method> <!-- start_test -->
        <test-method is-config="true" signature="Adminlogout()[pri:0, instance:driverFactory.Testscript@4b29d1d2]" started-at="2023-04-17T11:59:19 IST" name="Adminlogout" finished-at="2023-04-17T11:59:20 IST" duration-ms="611" status="PASS">
          <reporter-output>
          </reporter-output>
        </test-method> <!-- Adminlogout -->
      </class> <!-- driverFactory.Testscript -->
    </test> <!-- Default test -->
  </suite> <!-- Default suite -->
</testng-results>
